C51 COMPILER V9.60.0.0   CHAR                                                              05/20/2021 00:47:16 PAGE 1   


C51 COMPILER V9.60.0.0, COMPILATION OF MODULE CHAR
OBJECT MODULE PLACED IN .\Objects\char.obj
COMPILER INVOKED BY: D:\Keil_v5\C51\BIN\C51.EXE char.c OPTIMIZE(8,SPEED) BROWSE INCDIR(..\keil) DEBUG OBJECTEXTEND PRINT
                    -(.\Listings\char.lst) TABS(2) OBJECT(.\Objects\char.obj)

line level    source

   1          /*
   2           * @Author: Eugene
   3           * @Date: 2021-05-19 17:33:14
   4           * @LastEditTime: 2021-05-20 00:46:03
   5           * @LastEditors: Eugene
   6           * @Description: 
   7           * @FilePath: \keil\char.c
   8           */
   9          #ifndef __CHARACTERS_H__
  10          #define __CHARACTERS_H__
  11          #define uint unsigned int
  12          
  13          const uint code CHARACTERS_8X16[][16] = {
  14            { 0x00, 0x00, 0x00, 0x00, 0x00, 0x00, 0x00, 0x00, 0x00, 0x00, 0x00, 0x00, 0x00, 0x00, 0x00, 0x00 },  /*"
             - ",0*/
  15            { 0x00, 0x00, 0x00, 0xF8, 0x00, 0x00, 0x00, 0x00, 0x00, 0x00, 0x00, 0x0B, 0x00, 0x00, 0x00, 0x00 },  /*"
             -!",1*/
  16            { 0x00, 0x00, 0x3C, 0x00, 0x00, 0x3C, 0x00, 0x00, 0x00, 0x00, 0x00, 0x00, 0x00, 0x00, 0x00, 0x00 },  /*"
             -"",2*/
  17            { 0x20, 0x20, 0xE0, 0x38, 0x20, 0xE0, 0x38, 0x20, 0x01, 0x0F, 0x01, 0x01, 0x0F, 0x01, 0x01, 0x01 },  /*"
             -#",3*/
  18            { 0x00, 0x70, 0x88, 0x88, 0xFC, 0x88, 0x10, 0x00, 0x00, 0x04, 0x08, 0x08, 0x1F, 0x08, 0x07, 0x00 },  /*"
             -$",4*/
  19            { 0x30, 0x48, 0x48, 0xB0, 0x40, 0x30, 0x08, 0x00, 0x00, 0x08, 0x06, 0x01, 0x06, 0x09, 0x09, 0x06 },  /*"
             -%",5*/
  20            { 0x00, 0x00, 0xF0, 0x88, 0x48, 0x30, 0x80, 0x00, 0x00, 0x07, 0x08, 0x09, 0x0A, 0x06, 0x09, 0x08 },  /*"
             -&",6*/
  21            { 0x00, 0x00, 0x00, 0x3C, 0x00, 0x00, 0x00, 0x00, 0x00, 0x00, 0x00, 0x00, 0x00, 0x00, 0x00, 0x00 },  /*"
             -'",7*/
  22            { 0x00, 0x00, 0xC0, 0x30, 0x08, 0x04, 0x00, 0x00, 0x00, 0x00, 0x07, 0x18, 0x20, 0x40, 0x00, 0x00 },  /*"
             -(",8*/
  23            { 0x00, 0x00, 0x04, 0x18, 0xE0, 0x00, 0x00, 0x00, 0x00, 0x00, 0x40, 0x30, 0x0F, 0x00, 0x00, 0x00 },  /*"
             -)",9*/
  24            { 0x00, 0x00, 0x48, 0x30, 0x1C, 0x30, 0x48, 0x00, 0x00, 0x00, 0x00, 0x00, 0x00, 0x00, 0x00, 0x00 },  /*"
             -*",10*/
  25            { 0x00, 0x80, 0x80, 0x80, 0xF0, 0x80, 0x80, 0x80, 0x00, 0x00, 0x00, 0x00, 0x07, 0x00, 0x00, 0x00 },  /*"
             -+",11*/
  26            { 0x00, 0x00, 0x00, 0x00, 0x00, 0x00, 0x00, 0x00, 0x00, 0x00, 0x20, 0x18, 0x04, 0x00, 0x00, 0x00 },  /*"
             -,",12*/
  27            { 0x00, 0x00, 0x00, 0x00, 0x00, 0x00, 0x00, 0x00, 0x00, 0x00, 0x01, 0x01, 0x01, 0x01, 0x00, 0x00 },  /*"
             --",13*/
  28            { 0x00, 0x00, 0x00, 0x00, 0x00, 0x00, 0x00, 0x00, 0x00, 0x00, 0x00, 0x0C, 0x00, 0x00, 0x00, 0x00 },  /*"
             -.",14*/
  29            { 0x00, 0x00, 0x00, 0x80, 0x60, 0x18, 0x04, 0x00, 0x00, 0x08, 0x06, 0x01, 0x00, 0x00, 0x00, 0x00 },  /*"
             -/",15*/
  30            { 0x00, 0xE0, 0x10, 0x88, 0x08, 0x10, 0xE0, 0x00, 0x00, 0x03, 0x04, 0x08, 0x08, 0x04, 0x03, 0x00 },  /*"
             -0",16*/
  31            { 0x00, 0x00, 0x20, 0x10, 0xF8, 0x00, 0x00, 0x00, 0x00, 0x00, 0x08, 0x08, 0x0F, 0x08, 0x08, 0x00 },  /*"
             -1",17*/
  32            { 0x00, 0x30, 0x08, 0x08, 0x08, 0x88, 0x70, 0x00, 0x00, 0x0C, 0x0A, 0x09, 0x09, 0x08, 0x08, 0x00 },  /*"
             -2",18*/
  33            { 0x00, 0x30, 0x08, 0x88, 0x88, 0x48, 0x30, 0x00, 0x00, 0x06, 0x08, 0x08, 0x08, 0x09, 0x06, 0x00 },  /*"
             -3",19*/
  34            { 0x00, 0x00, 0x80, 0x60, 0x10, 0xF8, 0x00, 0x00, 0x00, 0x03, 0x02, 0x02, 0x02, 0x0F, 0x02, 0x00 },  /*"
C51 COMPILER V9.60.0.0   CHAR                                                              05/20/2021 00:47:16 PAGE 2   

             -4",20*/
  35            { 0x00, 0xF8, 0x88, 0x48, 0x48, 0x48, 0x88, 0x00, 0x00, 0x04, 0x08, 0x08, 0x08, 0x08, 0x07, 0x00 },  /*"
             -5",21*/
  36            { 0x00, 0xE0, 0x50, 0x48, 0x48, 0x48, 0x90, 0x00, 0x00, 0x07, 0x08, 0x08, 0x08, 0x08, 0x07, 0x00 },  /*"
             -6",22*/
  37            { 0x00, 0x08, 0x08, 0x08, 0x88, 0x68, 0x18, 0x00, 0x00, 0x00, 0x00, 0x0E, 0x01, 0x00, 0x00, 0x00 },  /*"
             -7",23*/
  38            { 0x00, 0x70, 0x88, 0x88, 0x88, 0x88, 0x70, 0x00, 0x00, 0x07, 0x08, 0x08, 0x08, 0x08, 0x07, 0x00 },  /*"
             -8",24*/
  39            { 0x00, 0xF0, 0x08, 0x08, 0x08, 0x08, 0xF0, 0x00, 0x00, 0x04, 0x09, 0x09, 0x09, 0x05, 0x03, 0x00 },  /*"
             -9",25*/
  40            { 0x00, 0x00, 0x00, 0x60, 0x00, 0x00, 0x00, 0x00, 0x00, 0x00, 0x00, 0x0C, 0x00, 0x00, 0x00, 0x00 },  /*"
             -:",26*/
  41            { 0x00, 0x00, 0x00, 0x60, 0x00, 0x00, 0x00, 0x00, 0x00, 0x00, 0x20, 0x18, 0x04, 0x00, 0x00, 0x00 },  /*"
             -;",27*/
  42            { 0x00, 0x80, 0x40, 0x40, 0x20, 0x20, 0x10, 0x00, 0x00, 0x00, 0x01, 0x01, 0x02, 0x02, 0x04, 0x00 },  /*"
             -<",28*/
  43            { 0x00, 0x40, 0x40, 0x40, 0x40, 0x40, 0x40, 0x00, 0x00, 0x02, 0x02, 0x02, 0x02, 0x02, 0x02, 0x00 },  /*"
             -=",29*/
  44            { 0x00, 0x10, 0x20, 0x20, 0x40, 0x40, 0x80, 0x00, 0x00, 0x04, 0x02, 0x02, 0x01, 0x01, 0x00, 0x00 },  /*"
             ->",30*/
  45            { 0x00, 0x30, 0x08, 0x08, 0x08, 0x88, 0x70, 0x00, 0x00, 0x00, 0x00, 0x0A, 0x01, 0x00, 0x00, 0x00 },  /*"
             -?",31*/
  46            { 0xF0, 0x08, 0xC4, 0x24, 0x24, 0xC4, 0x28, 0xF0, 0x0F, 0x10, 0x23, 0x24, 0x24, 0x27, 0x14, 0x03 },  /*"
             -@",32*/
  47            { 0x00, 0x00, 0xE0, 0x18, 0x18, 0xE0, 0x00, 0x00, 0x08, 0x07, 0x01, 0x01, 0x01, 0x01, 0x07, 0x08 },  /*"
             -A",33*/
  48            { 0x00, 0xF8, 0x88, 0x88, 0x88, 0x88, 0x70, 0x00, 0x00, 0x0F, 0x08, 0x08, 0x08, 0x08, 0x07, 0x00 },  /*"
             -B",34*/
  49            { 0x00, 0xE0, 0x10, 0x08, 0x08, 0x10, 0x20, 0x00, 0x00, 0x03, 0x04, 0x08, 0x08, 0x04, 0x02, 0x00 },  /*"
             -C",35*/
  50            { 0x00, 0xF8, 0x08, 0x08, 0x08, 0x10, 0xE0, 0x00, 0x00, 0x0F, 0x08, 0x08, 0x08, 0x04, 0x03, 0x00 },  /*"
             -D",36*/
  51            { 0x00, 0xF8, 0x88, 0x88, 0x88, 0x88, 0x88, 0x00, 0x00, 0x0F, 0x08, 0x08, 0x08, 0x08, 0x08, 0x00 },  /*"
             -E",37*/
  52            { 0x00, 0xF8, 0x88, 0x88, 0x88, 0x88, 0x88, 0x00, 0x00, 0x0F, 0x00, 0x00, 0x00, 0x00, 0x00, 0x00 },  /*"
             -F",38*/
  53            { 0x00, 0xE0, 0x10, 0x08, 0x88, 0x90, 0xA0, 0x00, 0x00, 0x03, 0x0C, 0x08, 0x08, 0x08, 0x07, 0x00 },  /*"
             -G",39*/
  54            { 0x00, 0xF8, 0x80, 0x80, 0x80, 0x80, 0xF8, 0x00, 0x00, 0x0F, 0x00, 0x00, 0x00, 0x00, 0x0F, 0x00 },  /*"
             -H",40*/
  55            { 0x00, 0x00, 0x08, 0x08, 0xF8, 0x08, 0x08, 0x00, 0x00, 0x00, 0x08, 0x08, 0x0F, 0x08, 0x08, 0x00 },  /*"
             -I",41*/
  56            { 0x00, 0x00, 0x00, 0x08, 0x08, 0xF8, 0x00, 0x00, 0x00, 0x06, 0x08, 0x08, 0x08, 0x07, 0x00, 0x00 },  /*"
             -J",42*/
  57            { 0x00, 0xF8, 0x80, 0xC0, 0x20, 0x10, 0x08, 0x00, 0x00, 0x0F, 0x00, 0x00, 0x01, 0x02, 0x04, 0x08 },  /*"
             -K",43*/
  58            { 0x00, 0x00, 0xF8, 0x00, 0x00, 0x00, 0x00, 0x00, 0x00, 0x00, 0x0F, 0x08, 0x08, 0x08, 0x08, 0x00 },  /*"
             -L",44*/
  59            { 0x00, 0xF8, 0x30, 0xC0, 0xC0, 0x30, 0xF8, 0x00, 0x00, 0x0F, 0x00, 0x01, 0x00, 0x00, 0x0F, 0x00 },  /*"
             -M",45*/
  60            { 0x00, 0xF8, 0x30, 0xC0, 0x00, 0x00, 0xF8, 0x00, 0x00, 0x0F, 0x00, 0x00, 0x01, 0x06, 0x0F, 0x00 },  /*"
             -N",46*/
  61            { 0x00, 0xE0, 0x10, 0x08, 0x08, 0x10, 0xE0, 0x00, 0x00, 0x03, 0x04, 0x08, 0x08, 0x04, 0x03, 0x00 },  /*"
             -O",47*/
  62            { 0x00, 0xF8, 0x88, 0x88, 0x88, 0x88, 0x70, 0x00, 0x00, 0x0F, 0x00, 0x00, 0x00, 0x00, 0x00, 0x00 },  /*"
             -P",48*/
  63            { 0x00, 0xE0, 0x10, 0x08, 0x08, 0x10, 0xE0, 0x00, 0x00, 0x03, 0x04, 0x08, 0x18, 0x24, 0x23, 0x00 },  /*"
             -Q",49*/
  64            { 0x00, 0xF8, 0x88, 0x88, 0x88, 0x88, 0x70, 0x00, 0x00, 0x0F, 0x00, 0x00, 0x01, 0x06, 0x08, 0x00 },  /*"
             -R",50*/
  65            { 0x00, 0x30, 0x48, 0x88, 0x88, 0x08, 0x10, 0x00, 0x00, 0x04, 0x08, 0x08, 0x08, 0x09, 0x06, 0x00 },  /*"
C51 COMPILER V9.60.0.0   CHAR                                                              05/20/2021 00:47:16 PAGE 3   

             -S",51*/
  66            { 0x00, 0x08, 0x08, 0x08, 0xF8, 0x08, 0x08, 0x08, 0x00, 0x00, 0x00, 0x00, 0x0F, 0x00, 0x00, 0x00 },  /*"
             -T",52*/
  67            { 0x00, 0xF8, 0x00, 0x00, 0x00, 0x00, 0xF8, 0x00, 0x00, 0x07, 0x08, 0x08, 0x08, 0x08, 0x07, 0x00 },  /*"
             -U",53*/
  68            { 0x18, 0x60, 0x80, 0x00, 0x00, 0x80, 0x60, 0x18, 0x00, 0x00, 0x01, 0x0E, 0x0E, 0x01, 0x00, 0x00 },  /*"
             -V",54*/
  69            { 0x18, 0xE0, 0x00, 0xE0, 0xC0, 0x00, 0xC0, 0x38, 0x00, 0x01, 0x0E, 0x01, 0x01, 0x06, 0x01, 0x00 },  /*"
             -W",55*/
  70            { 0x00, 0x08, 0x30, 0xC0, 0xC0, 0x30, 0x08, 0x00, 0x00, 0x08, 0x06, 0x01, 0x01, 0x06, 0x08, 0x00 },  /*"
             -X",56*/
  71            { 0x00, 0x08, 0x30, 0xC0, 0x00, 0xC0, 0x30, 0x08, 0x00, 0x00, 0x00, 0x00, 0x0F, 0x00, 0x00, 0x00 },  /*"
             -Y",57*/
  72            { 0x00, 0x08, 0x08, 0x88, 0x48, 0x28, 0x18, 0x00, 0x00, 0x0C, 0x0A, 0x09, 0x08, 0x08, 0x08, 0x00 },  /*"
             -Z",58*/
  73            { 0x00, 0x00, 0x00, 0xFC, 0x04, 0x04, 0x00, 0x00, 0x00, 0x00, 0x00, 0x7F, 0x40, 0x40, 0x00, 0x00 },  /*"
             -[",59*/
  74            { 0x00, 0x04, 0x18, 0x60, 0x80, 0x00, 0x00, 0x00, 0x00, 0x00, 0x00, 0x00, 0x01, 0x06, 0x08, 0x00 },  /*"
             -\",60*/
  75            { 0x00, 0x00, 0x04, 0x04, 0xFC, 0x00, 0x00, 0x00, 0x00, 0x00, 0x40, 0x40, 0x7F, 0x00, 0x00, 0x00 },  /*"
             -]",61*/
  76            { 0x00, 0x80, 0x60, 0x18, 0x18, 0x60, 0x80, 0x00, 0x00, 0x01, 0x00, 0x00, 0x00, 0x00, 0x01, 0x00 },  /*"
             -^",62*/
  77            { 0x00, 0x00, 0x00, 0x00, 0x00, 0x00, 0x00, 0x00, 0x20, 0x20, 0x20, 0x20, 0x20, 0x20, 0x20, 0x20 },  /*"
             -_",63*/
  78            { 0x00, 0x00, 0x00, 0x04, 0x04, 0x08, 0x00, 0x00, 0x00, 0x00, 0x00, 0x00, 0x00, 0x00, 0x00, 0x00 },  /*"
             -`",64*/
  79            { 0x00, 0x40, 0x20, 0x20, 0x20, 0x20, 0xC0, 0x00, 0x00, 0x06, 0x09, 0x09, 0x09, 0x05, 0x0F, 0x08 },  /*"
             -a",65*/
  80            { 0x00, 0xFC, 0x40, 0x20, 0x20, 0x20, 0xC0, 0x00, 0x00, 0x0F, 0x04, 0x08, 0x08, 0x08, 0x07, 0x00 },  /*"
             -b",66*/
  81            { 0x00, 0xC0, 0x20, 0x20, 0x20, 0x20, 0x40, 0x00, 0x00, 0x07, 0x08, 0x08, 0x08, 0x08, 0x04, 0x00 },  /*"
             -c",67*/
  82            { 0x00, 0xC0, 0x20, 0x20, 0x20, 0x40, 0xFC, 0x00, 0x00, 0x07, 0x08, 0x08, 0x08, 0x04, 0x0F, 0x00 },  /*"
             -d",68*/
  83            { 0x00, 0xC0, 0x20, 0x20, 0x20, 0x20, 0xC0, 0x00, 0x00, 0x07, 0x09, 0x09, 0x09, 0x09, 0x05, 0x00 },  /*"
             -e",69*/
  84            { 0x00, 0x20, 0x20, 0xF8, 0x24, 0x24, 0x24, 0x00, 0x00, 0x00, 0x00, 0x0F, 0x00, 0x00, 0x00, 0x00 },  /*"
             -f",70*/
  85            { 0x00, 0xC0, 0x20, 0x20, 0x20, 0x40, 0xE0, 0x00, 0x00, 0x27, 0x48, 0x48, 0x48, 0x44, 0x3F, 0x00 },  /*"
             -g",71*/
  86            { 0x00, 0xFC, 0x40, 0x20, 0x20, 0x20, 0xC0, 0x00, 0x00, 0x0F, 0x00, 0x00, 0x00, 0x00, 0x0F, 0x00 },  /*"
             -h",72*/
  87            { 0x00, 0x00, 0x20, 0x20, 0xE4, 0x00, 0x00, 0x00, 0x00, 0x08, 0x08, 0x08, 0x0F, 0x08, 0x08, 0x08 },  /*"
             -i",73*/
  88            { 0x00, 0x00, 0x20, 0x20, 0xE4, 0x00, 0x00, 0x00, 0x00, 0x40, 0x40, 0x40, 0x3F, 0x00, 0x00, 0x00 },  /*"
             -j",74*/
  89            { 0x00, 0xFC, 0x00, 0x80, 0x40, 0x20, 0x00, 0x00, 0x00, 0x0F, 0x01, 0x01, 0x02, 0x04, 0x08, 0x00 },  /*"
             -k",75*/
  90            { 0x00, 0x00, 0x04, 0x04, 0xFC, 0x00, 0x00, 0x00, 0x00, 0x08, 0x08, 0x08, 0x0F, 0x08, 0x08, 0x08 },  /*"
             -l",76*/
  91            { 0x00, 0xE0, 0x20, 0x20, 0xC0, 0x20, 0x20, 0xC0, 0x00, 0x0F, 0x00, 0x00, 0x0F, 0x00, 0x00, 0x0F},  /*"m
             -",77*/
  92            { 0x00, 0xE0, 0x40, 0x20, 0x20, 0x20, 0xC0, 0x00, 0x00, 0x0F, 0x00, 0x00, 0x00, 0x00, 0x0F, 0x00 },  /*"
             -n",78*/
  93            { 0x00, 0xC0, 0x20, 0x20, 0x20, 0x20, 0xC0, 0x00, 0x00, 0x07, 0x08, 0x08, 0x08, 0x08, 0x07, 0x00 },  /*"
             -o",79*/
  94            { 0x00, 0xE0, 0x40, 0x20, 0x20, 0x20, 0xC0, 0x00, 0x00, 0x7F, 0x04, 0x08, 0x08, 0x08, 0x07, 0x00 },  /*"
             -p",80*/
  95            { 0x00, 0xC0, 0x20, 0x20, 0x20, 0x40, 0xE0, 0x00, 0x00, 0x07, 0x08, 0x08, 0x08, 0x04, 0x7F, 0x00 },  /*"
             -q",81*/
  96            { 0x00, 0x00, 0xE0, 0x40, 0x20, 0x20, 0x20, 0x00, 0x00, 0x00, 0x0F, 0x00, 0x00, 0x00, 0x00, 0x00 },  /*"
C51 COMPILER V9.60.0.0   CHAR                                                              05/20/2021 00:47:16 PAGE 4   

             -r",82*/
  97            { 0x00, 0xC0, 0x20, 0x20, 0x20, 0x20, 0x40, 0x00, 0x00, 0x04, 0x09, 0x09, 0x09, 0x09, 0x06, 0x00 },  /*"
             -s",83*/
  98            { 0x00, 0x00, 0x20, 0xF8, 0x20, 0x20, 0x20, 0x00, 0x00, 0x00, 0x00, 0x07, 0x08, 0x08, 0x08, 0x00 },  /*"
             -t",84*/
  99            { 0x00, 0xE0, 0x00, 0x00, 0x00, 0x00, 0xE0, 0x00, 0x00, 0x07, 0x08, 0x08, 0x08, 0x04, 0x0F, 0x00 },  /*"
             -u",85*/
 100            { 0x00, 0x60, 0x80, 0x00, 0x00, 0x80, 0x60, 0x00, 0x00, 0x00, 0x03, 0x0C, 0x0C, 0x03, 0x00, 0x00 },  /*"
             -v",86*/
 101            { 0x60, 0x80, 0x00, 0x80, 0x80, 0x00, 0x80, 0x60, 0x00, 0x03, 0x0C, 0x03, 0x03, 0x0C, 0x03, 0x00 },  /*"
             -w",87*/
 102            { 0x00, 0x20, 0x40, 0x80, 0x80, 0x40, 0x20, 0x00, 0x00, 0x08, 0x04, 0x03, 0x03, 0x04, 0x08, 0x00 },  /*"
             -x",88*/
 103            { 0x00, 0x60, 0x80, 0x00, 0x00, 0x80, 0x60, 0x00, 0x00, 0x40, 0x43, 0x3C, 0x0C, 0x03, 0x00, 0x00 },  /*"
             -y",89*/
 104            { 0x00, 0x20, 0x20, 0x20, 0xA0, 0x60, 0x20, 0x00, 0x00, 0x0C, 0x0A, 0x09, 0x08, 0x08, 0x08, 0x00 },  /*"
             -z",90*/
 105            { 0x00, 0x00, 0x00, 0xF8, 0x04, 0x04, 0x04, 0x00, 0x00, 0x01, 0x01, 0x3E, 0x40, 0x40, 0x40, 0x00 },  /*"
             -{",91*/
 106            { 0x00, 0x00, 0x00, 0xFC, 0x00, 0x00, 0x00, 0x00, 0x00, 0x00, 0x00, 0x7F, 0x00, 0x00, 0x00, 0x00 },  /*"
             -|",92*/
 107            { 0x00, 0x04, 0x04, 0x04, 0xF8, 0x00, 0x00, 0x00, 0x00, 0x40, 0x40, 0x40, 0x3E, 0x01, 0x01, 0x00 },  /*"
             -}",93*/
 108            { 0x00, 0x00, 0x40, 0x40, 0x80, 0x80, 0x00, 0x00, 0x00, 0x00, 0x00, 0x00, 0x00, 0x00, 0x00, 0x00 },  /*"
             -~",94*/
 109          };
 110          
 111          #endif // __CHARACTERS_H__


MODULE INFORMATION:   STATIC OVERLAYABLE
   CODE SIZE        =   ----    ----
   CONSTANT SIZE    =   3040    ----
   XDATA SIZE       =   ----    ----
   PDATA SIZE       =   ----    ----
   DATA SIZE        =   ----    ----
   IDATA SIZE       =   ----    ----
   BIT SIZE         =   ----    ----
END OF MODULE INFORMATION.


C51 COMPILATION COMPLETE.  0 WARNING(S),  0 ERROR(S)
